<?xml version="1.0" encoding="UTF-8"?>
<testsuite name="com.seremcadelivery.seremcadelivery.SeremcaDeliveryApplicationTests" tests="1" skipped="0" failures="0" errors="0" timestamp="2023-05-03T22:20:27" hostname="PC_JUANP" time="0.384">
  <properties/>
  <testcase name="contextLoads()" classname="com.seremcadelivery.seremcadelivery.SeremcaDeliveryApplicationTests" time="0.384"/>
  <system-out><![CDATA[17:20:21.527 [Test worker] DEBUG org.springframework.test.context.BootstrapUtils - Instantiating CacheAwareContextLoaderDelegate from class [org.springframework.test.context.cache.DefaultCacheAwareContextLoaderDelegate]
17:20:21.542 [Test worker] DEBUG org.springframework.test.context.BootstrapUtils - Instantiating BootstrapContext using constructor [public org.springframework.test.context.support.DefaultBootstrapContext(java.lang.Class,org.springframework.test.context.CacheAwareContextLoaderDelegate)]
17:20:21.589 [Test worker] DEBUG org.springframework.test.context.BootstrapUtils - Instantiating TestContextBootstrapper for test class [com.seremcadelivery.seremcadelivery.SeremcaDeliveryApplicationTests] from class [org.springframework.boot.test.context.SpringBootTestContextBootstrapper]
17:20:21.604 [Test worker] INFO org.springframework.boot.test.context.SpringBootTestContextBootstrapper - Neither @ContextConfiguration nor @ContextHierarchy found for test class [com.seremcadelivery.seremcadelivery.SeremcaDeliveryApplicationTests], using SpringBootContextLoader
17:20:21.609 [Test worker] DEBUG org.springframework.test.context.support.AbstractContextLoader - Did not detect default resource location for test class [com.seremcadelivery.seremcadelivery.SeremcaDeliveryApplicationTests]: class path resource [com/seremcadelivery/seremcadelivery/SeremcaDeliveryApplicationTests-context.xml] does not exist
17:20:21.609 [Test worker] DEBUG org.springframework.test.context.support.AbstractContextLoader - Did not detect default resource location for test class [com.seremcadelivery.seremcadelivery.SeremcaDeliveryApplicationTests]: class path resource [com/seremcadelivery/seremcadelivery/SeremcaDeliveryApplicationTestsContext.groovy] does not exist
17:20:21.610 [Test worker] INFO org.springframework.test.context.support.AbstractContextLoader - Could not detect default resource locations for test class [com.seremcadelivery.seremcadelivery.SeremcaDeliveryApplicationTests]: no resource found for suffixes {-context.xml, Context.groovy}.
17:20:21.611 [Test worker] INFO org.springframework.test.context.support.AnnotationConfigContextLoaderUtils - Could not detect default configuration classes for test class [com.seremcadelivery.seremcadelivery.SeremcaDeliveryApplicationTests]: SeremcaDeliveryApplicationTests does not declare any static, non-private, non-final, nested classes annotated with @Configuration.
17:20:21.686 [Test worker] DEBUG org.springframework.test.context.support.ActiveProfilesUtils - Could not find an 'annotation declaring class' for annotation type [org.springframework.test.context.ActiveProfiles] and class [com.seremcadelivery.seremcadelivery.SeremcaDeliveryApplicationTests]
17:20:21.770 [Test worker] DEBUG org.springframework.context.annotation.ClassPathScanningCandidateComponentProvider - Identified candidate component class: file [C:\Users\mundi\IdeaProjects\seremcaDelivery\build\classes\java\main\com\seremcadelivery\seremcadelivery\SeremcaDeliveryApplication.class]
17:20:21.772 [Test worker] INFO org.springframework.boot.test.context.SpringBootTestContextBootstrapper - Found @SpringBootConfiguration com.seremcadelivery.seremcadelivery.SeremcaDeliveryApplication for test class com.seremcadelivery.seremcadelivery.SeremcaDeliveryApplicationTests
17:20:21.931 [Test worker] DEBUG org.springframework.boot.test.context.SpringBootTestContextBootstrapper - @TestExecutionListeners is not present for class [com.seremcadelivery.seremcadelivery.SeremcaDeliveryApplicationTests]: using defaults.
17:20:21.932 [Test worker] INFO org.springframework.boot.test.context.SpringBootTestContextBootstrapper - Loaded default TestExecutionListener class names from location [META-INF/spring.factories]: [org.springframework.boot.test.autoconfigure.restdocs.RestDocsTestExecutionListener, org.springframework.boot.test.autoconfigure.web.client.MockRestServiceServerResetTestExecutionListener, org.springframework.boot.test.autoconfigure.web.servlet.MockMvcPrintOnlyOnFailureTestExecutionListener, org.springframework.boot.test.autoconfigure.web.servlet.WebDriverTestExecutionListener, org.springframework.boot.test.autoconfigure.webservices.client.MockWebServiceServerTestExecutionListener, org.springframework.boot.test.mock.mockito.MockitoTestExecutionListener, org.springframework.boot.test.mock.mockito.ResetMocksTestExecutionListener, org.springframework.test.context.web.ServletTestExecutionListener, org.springframework.test.context.support.DirtiesContextBeforeModesTestExecutionListener, org.springframework.test.context.event.ApplicationEventsTestExecutionListener, org.springframework.test.context.support.DependencyInjectionTestExecutionListener, org.springframework.test.context.support.DirtiesContextTestExecutionListener, org.springframework.test.context.transaction.TransactionalTestExecutionListener, org.springframework.test.context.jdbc.SqlScriptsTestExecutionListener, org.springframework.test.context.event.EventPublishingTestExecutionListener]
17:20:21.962 [Test worker] INFO org.springframework.boot.test.context.SpringBootTestContextBootstrapper - Using TestExecutionListeners: [org.springframework.test.context.web.ServletTestExecutionListener@54e7391d, org.springframework.test.context.support.DirtiesContextBeforeModesTestExecutionListener@50b8ae8d, org.springframework.test.context.event.ApplicationEventsTestExecutionListener@255990cc, org.springframework.boot.test.mock.mockito.MockitoTestExecutionListener@51c929ae, org.springframework.boot.test.autoconfigure.SpringBootDependencyInjectionTestExecutionListener@3c8bdd5b, org.springframework.test.context.support.DirtiesContextTestExecutionListener@29d2d081, org.springframework.test.context.transaction.TransactionalTestExecutionListener@40e4ea87, org.springframework.test.context.jdbc.SqlScriptsTestExecutionListener@58783f6c, org.springframework.test.context.event.EventPublishingTestExecutionListener@3a7b503d, org.springframework.boot.test.autoconfigure.restdocs.RestDocsTestExecutionListener@512d92b, org.springframework.boot.test.autoconfigure.web.client.MockRestServiceServerResetTestExecutionListener@62c5bbdc, org.springframework.boot.test.autoconfigure.web.servlet.MockMvcPrintOnlyOnFailureTestExecutionListener@7bdf6bb7, org.springframework.boot.test.autoconfigure.web.servlet.WebDriverTestExecutionListener@1bc53649, org.springframework.boot.test.autoconfigure.webservices.client.MockWebServiceServerTestExecutionListener@88d6f9b, org.springframework.boot.test.mock.mockito.ResetMocksTestExecutionListener@47d93e0d]
17:20:21.966 [Test worker] DEBUG org.springframework.test.context.support.AbstractDirtiesContextTestExecutionListener - Before test class: context [DefaultTestContext@1e392345 testClass = SeremcaDeliveryApplicationTests, testInstance = [null], testMethod = [null], testException = [null], mergedContextConfiguration = [WebMergedContextConfiguration@12f3afb5 testClass = SeremcaDeliveryApplicationTests, locations = '{}', classes = '{class com.seremcadelivery.seremcadelivery.SeremcaDeliveryApplication}', contextInitializerClasses = '[]', activeProfiles = '{}', propertySourceLocations = '{}', propertySourceProperties = '{org.springframework.boot.test.context.SpringBootTestContextBootstrapper=true}', contextCustomizers = set[org.springframework.boot.test.autoconfigure.actuate.metrics.MetricsExportContextCustomizerFactory$DisableMetricExportContextCustomizer@7e928e2f, org.springframework.boot.test.autoconfigure.properties.PropertyMappingContextCustomizer@0, org.springframework.boot.test.autoconfigure.web.servlet.WebDriverContextCustomizerFactory$Customizer@58359ebd, org.springframework.boot.test.context.filter.ExcludeFilterContextCustomizer@4ee37ca3, org.springframework.boot.test.json.DuplicateJsonObjectContextCustomizerFactory$DuplicateJsonObjectContextCustomizer@14b030a0, org.springframework.boot.test.mock.mockito.MockitoContextCustomizer@0, org.springframework.boot.test.web.client.TestRestTemplateContextCustomizer@27305e6, org.springframework.boot.test.context.SpringBootTestArgs@1, org.springframework.boot.test.context.SpringBootTestWebEnvironment@93081b6], resourceBasePath = 'src/main/webapp', contextLoader = 'org.springframework.boot.test.context.SpringBootContextLoader', parent = [null]], attributes = map['org.springframework.test.context.web.ServletTestExecutionListener.activateListener' -> true]], class annotated with @DirtiesContext [false] with mode [null].
17:20:22.045 [Test worker] DEBUG org.springframework.boot.ApplicationServletEnvironment - Activating profiles []
17:20:22.050 [Test worker] DEBUG org.springframework.test.context.support.TestPropertySourceUtils - Adding inlined properties to environment: {spring.jmx.enabled=false, org.springframework.boot.test.context.SpringBootTestContextBootstrapper=true}

  .   ____          _            __ _ _
 /\\ / ___'_ __ _ _(_)_ __  __ _ \ \ \ \
( ( )\___ | '_ | '_| | '_ \/ _` | \ \ \ \
 \\/  ___)| |_)| | | | | || (_| |  ) ) ) )
  '  |____| .__|_| |_|_| |_\__, | / / / /
 =========|_|==============|___/=/_/_/_/
 :: Spring Boot ::                (v2.6.0)

2023-05-03 17:20:22.473  INFO 12376 --- [    Test worker] c.s.s.SeremcaDeliveryApplicationTests    : Starting SeremcaDeliveryApplicationTests using Java 11.0.18 on PC_JUANP with PID 12376 (started by mundi in C:\Users\mundi\IdeaProjects\seremcaDelivery)
2023-05-03 17:20:22.475  INFO 12376 --- [    Test worker] c.s.s.SeremcaDeliveryApplicationTests    : No active profile set, falling back to default profiles: default
2023-05-03 17:20:23.636  INFO 12376 --- [    Test worker] .s.d.r.c.RepositoryConfigurationDelegate : Bootstrapping Spring Data JPA repositories in DEFAULT mode.
2023-05-03 17:20:23.659  INFO 12376 --- [    Test worker] .s.d.r.c.RepositoryConfigurationDelegate : Finished Spring Data repository scanning in 10 ms. Found 0 JPA repository interfaces.
2023-05-03 17:20:24.523  INFO 12376 --- [    Test worker] o.hibernate.jpa.internal.util.LogHelper  : HHH000204: Processing PersistenceUnitInfo [name: default]
2023-05-03 17:20:24.628  INFO 12376 --- [    Test worker] org.hibernate.Version                    : HHH000412: Hibernate ORM core version 5.6.1.Final
2023-05-03 17:20:24.937  INFO 12376 --- [    Test worker] o.hibernate.annotations.common.Version   : HCANN000001: Hibernate Commons Annotations {5.1.2.Final}
2023-05-03 17:20:25.156  INFO 12376 --- [    Test worker] com.zaxxer.hikari.HikariDataSource       : HikariPool-1 - Starting...
2023-05-03 17:20:25.686  INFO 12376 --- [    Test worker] com.zaxxer.hikari.HikariDataSource       : HikariPool-1 - Start completed.
2023-05-03 17:20:25.744  INFO 12376 --- [    Test worker] org.hibernate.dialect.Dialect            : HHH000400: Using dialect: org.hibernate.dialect.MySQL8Dialect
2023-05-03 17:20:26.107  INFO 12376 --- [    Test worker] o.h.e.t.j.p.i.JtaPlatformInitiator       : HHH000490: Using JtaPlatform implementation: [org.hibernate.engine.transaction.jta.platform.internal.NoJtaPlatform]
2023-05-03 17:20:26.122  INFO 12376 --- [    Test worker] j.LocalContainerEntityManagerFactoryBean : Initialized JPA EntityManagerFactory for persistence unit 'default'
2023-05-03 17:20:26.572  WARN 12376 --- [    Test worker] JpaBaseConfiguration$JpaWebConfiguration : spring.jpa.open-in-view is enabled by default. Therefore, database queries may be performed during view rendering. Explicitly configure spring.jpa.open-in-view to disable this warning
2023-05-03 17:20:27.655  INFO 12376 --- [    Test worker] c.s.s.SeremcaDeliveryApplicationTests    : Started SeremcaDeliveryApplicationTests in 5.604 seconds (JVM running for 7.579)
]]></system-out>
  <system-err><![CDATA[]]></system-err>
</testsuite>
